<?xml version="1.0" encoding="UTF-8"?>
<testsuite name="github.SelenideRepositorySearch" tests="1" skipped="0" failures="0" errors="0" timestamp="2025-10-28T19:18:14.634Z" hostname="DESKTOP-CKV62F0" time="9.901">
  <properties/>
  <testcase name="shouldFindSelenideRepositoryAtTheTop()" classname="github.SelenideRepositorySearch" time="9.901"/>
  <system-out><![CDATA[]]></system-out>
  <system-err><![CDATA[[Test worker] INFO com.codeborne.selenide.impl.WebDriverThreadLocalContainer - No webdriver is bound to current thread: 1 - let's create a new webdriver
[Test worker] INFO com.codeborne.selenide.impl.FileHelper - Creating folder: C:\Users\user\IdeaProjects\Example_HW_2_Java\selenide-course-18\selenide-qa-guru_HW6\build\downloads\1761679094687_17944_1
окт. 28, 2025 10:18:15 PM org.openqa.selenium.devtools.CdpVersionFinder findNearestMatch
WARNING: Unable to find CDP implementation matching 141
окт. 28, 2025 10:18:15 PM org.openqa.selenium.chromium.ChromiumDriver lambda$new$5
WARNING: Unable to find version of CDP to use for 141.0.7390.123. You may need to include a dependency on a specific version of the CDP using something similar to `org.seleniumhq.selenium:selenium-devtools-v86:4.21.0` where the version ("v86") matches the version of the chromium-based browser you're using and the version number of the artifact is the same as Selenium's.
[Test worker] INFO com.codeborne.selenide.webdriver.WebDriverFactory - BrowserName=chrome Version=141.0.7390.123 Platform=windows
[Test worker] INFO com.codeborne.selenide.webdriver.WebDriverFactory - Selenide v. 7.3.0
[Test worker] INFO com.codeborne.selenide.webdriver.WebDriverFactory - Selenium WebDriver v. 4.21.0 build revision: 79ed462ef4
[Test worker] INFO com.codeborne.selenide.drivercommands.CreateDriverCommand - Created webdriver in thread 1: ChromeDriver -> ChromeDriver: chrome on windows (d20bc44ae90e90cce7b0336239a732a2), downloadsFolder: C:\Users\user\IdeaProjects\Example_HW_2_Java\selenide-course-18\selenide-qa-guru_HW6\build\downloads\1761679094687_17944_1
[Test worker] INFO com.codeborne.selenide.drivercommands.DisposablesRegistry - Register WebDriverInstance[config=StaticConfig, webDriver=ChromeDriver: chrome on windows (d20bc44ae90e90cce7b0336239a732a2), proxy=null, downloadsFolder=C:\Users\user\IdeaProjects\Example_HW_2_Java\selenide-course-18\selenide-qa-guru_HW6\build\downloads\1761679094687_17944_1] in 1 [size=1]
[Test worker] INFO com.codeborne.selenide.drivercommands.DisposablesRegistry - Add shutdown hook in 1 [size=1]
]]></system-err>
</testsuite>
